Base path: 'D:/Unity/Editor/Data', plugins path 'D:/Unity/Editor/Data/PlaybackEngines'
Cmd: initializeCompiler
Cmd: compileComputeKernel
  api=4 insize=15603 outsize=38538 ok=1
Cmd: compileComputeKernel
  api=4 insize=15603 outsize=55520 ok=1
Cmd: compileComputeKernel
  api=4 insize=15603 outsize=42069 ok=1
Cmd: compileComputeKernel
  api=4 insize=15603 outsize=50961 ok=1
Cmd: compileComputeKernel
  api=4 insize=21554 outsize=15086 ok=1
Cmd: compileComputeKernel
  api=4 insize=7247 outsize=7203 ok=1
Cmd: compileComputeKernel
  api=4 insize=5906 outsize=9178 ok=1
Cmd: compileComputeKernel
  api=4 insize=21751 outsize=21785 ok=1
Cmd: compileComputeKernel
  api=4 insize=8644 outsize=660 ok=1
Cmd: compileComputeKernel
  api=4 insize=36515 outsize=32909 ok=1
Cmd: compileComputeKernel
  api=4 insize=3043 outsize=2756 ok=1
Cmd: compileComputeKernel
  api=4 insize=9814 outsize=2460 ok=1
Cmd: compileComputeKernel
  api=4 insize=7700 outsize=4491 ok=1
Cmd: compileComputeKernel
  api=4 insize=17632 outsize=668 ok=1
Cmd: compileComputeKernel
  api=4 insize=19711 outsize=24850 ok=1
Cmd: compileSnippet
  api=4 type=1 insize=7138 outsize=6094 kw=SHADOWS_SHADOWMASK DECALS_3RT _NORMALMAP_TANGENT_SPACE pd=UNITY_ENABLE_REFLECTION_BUFFERS UNITY_USE_DITHER_MASK_FOR_ALPHABLENDED_SHADOWS UNITY_PBS_USE_BRDF1 UNITY_SPECCUBE_BOX_PROJECTION UNITY_SPECCUBE_BLENDING UNITY_ENABLE_DETAIL_NORMALMAP SHADER_API_DESKTOP UNITY_LIGHT_PROBE_PROXY_VOLUME UNITY_LIGHTMAP_FULL_HDR ok=1
Cmd: compileSnippet
  api=4 type=0 insize=6573 outsize=1834 kw=UNITY_PASS_MOTIONVECTORS _NORMALMAP_TANGENT_SPACE pd=UNITY_ENABLE_REFLECTION_BUFFERS UNITY_USE_DITHER_MASK_FOR_ALPHABLENDED_SHADOWS UNITY_PBS_USE_BRDF1 UNITY_SPECCUBE_BOX_PROJECTION UNITY_SPECCUBE_BLENDING UNITY_ENABLE_DETAIL_NORMALMAP SHADER_API_DESKTOP UNITY_LIGHT_PROBE_PROXY_VOLUME UNITY_LIGHTMAP_FULL_HDR ok=1

Quitting shader compiler process
